<?xml version="1.0" encoding="UTF-8"?>
<testng-results skipped="0" failed="0" ignored="0" total="1" passed="1">
  <reporter-output>
  </reporter-output>
  <suite name="Default suite" duration-ms="16861" started-at="2020-03-21T17:54:01 CDT" finished-at="2020-03-21T17:54:18 CDT">
    <groups>
    </groups>
    <test name="Default test" duration-ms="16861" started-at="2020-03-21T17:54:01 CDT" finished-at="2020-03-21T17:54:18 CDT">
      <class name="com.as.TestNGListner.ScreenShotFailed">
        <test-method status="PASS" signature="setUp()[pri:0, instance:com.as.TestNGListner.ScreenShotFailed@2b552920]" name="setUp" is-config="true" duration-ms="10480" started-at="2020-03-21T17:54:01 CDT" finished-at="2020-03-21T17:54:11 CDT">
          <reporter-output>
          </reporter-output>
        </test-method> <!-- setUp -->
        <test-method status="PASS" signature="takeScreenShotTest()[pri:0, instance:com.as.TestNGListner.ScreenShotFailed@2b552920]" name="takeScreenShotTest" duration-ms="6" started-at="2020-03-21T17:54:11 CDT" finished-at="2020-03-21T17:54:11 CDT">
          <reporter-output>
          </reporter-output>
        </test-method> <!-- takeScreenShotTest -->
        <test-method status="PASS" signature="Cleanup()[pri:0, instance:com.as.TestNGListner.ScreenShotFailed@2b552920]" name="Cleanup" is-config="true" duration-ms="6329" started-at="2020-03-21T17:54:11 CDT" finished-at="2020-03-21T17:54:18 CDT">
          <reporter-output>
          </reporter-output>
        </test-method> <!-- Cleanup -->
      </class> <!-- com.as.TestNGListner.ScreenShotFailed -->
    </test> <!-- Default test -->
  </suite> <!-- Default suite -->
</testng-results>
